The system is: Linux - 2.6.32-504.12.2.el6.x86_64 - x86_64
Compiling the C compiler identification source file "CMakeCCompilerId.c" succeeded.
Compiler: /opt/centos/devtoolset-1.1/root/usr/bin/gcc 
Build flags: 
Id flags: 

The output was:
0


Compilation of the C compiler identification source "CMakeCCompilerId.c" produced "a.out"

The C compiler identification is GNU, found in "/root/Documents/ImageRetrieval/CMakeFiles/3.2.2/CompilerIdC/a.out"

Compiling the CXX compiler identification source file "CMakeCXXCompilerId.cpp" succeeded.
Compiler: /opt/centos/devtoolset-1.1/root/usr/bin/g++ 
Build flags: 
Id flags: 

The output was:
0


Compilation of the CXX compiler identification source "CMakeCXXCompilerId.cpp" produced "a.out"

The CXX compiler identification is GNU, found in "/root/Documents/ImageRetrieval/CMakeFiles/3.2.2/CompilerIdCXX/a.out"

Determining if the C compiler works passed with the following output:
Change Dir: /root/Documents/ImageRetrieval/CMakeFiles/CMakeTmp

Run Build Command:"/usr/bin/gmake" "cmTryCompileExec2082780365/fast"
/usr/bin/gmake -f CMakeFiles/cmTryCompileExec2082780365.dir/build.make CMakeFiles/cmTryCompileExec2082780365.dir/build
gmake[1]: Entering directory `/root/Documents/ImageRetrieval/CMakeFiles/CMakeTmp'
/opt/cmake/bin/cmake -E cmake_progress_report /root/Documents/ImageRetrieval/CMakeFiles/CMakeTmp/CMakeFiles 1
Building C object CMakeFiles/cmTryCompileExec2082780365.dir/testCCompiler.c.o
/opt/centos/devtoolset-1.1/root/usr/bin/gcc    -o CMakeFiles/cmTryCompileExec2082780365.dir/testCCompiler.c.o   -c /root/Documents/ImageRetrieval/CMakeFiles/CMakeTmp/testCCompiler.c
Linking C executable cmTryCompileExec2082780365
/opt/cmake/bin/cmake -E cmake_link_script CMakeFiles/cmTryCompileExec2082780365.dir/link.txt --verbose=1
/opt/centos/devtoolset-1.1/root/usr/bin/gcc       CMakeFiles/cmTryCompileExec2082780365.dir/testCCompiler.c.o  -o cmTryCompileExec2082780365 -rdynamic 
gmake[1]: Leaving directory `/root/Documents/ImageRetrieval/CMakeFiles/CMakeTmp'


Detecting C compiler ABI info compiled with the following output:
Change Dir: /root/Documents/ImageRetrieval/CMakeFiles/CMakeTmp

Run Build Command:"/usr/bin/gmake" "cmTryCompileExec191905746/fast"
/usr/bin/gmake -f CMakeFiles/cmTryCompileExec191905746.dir/build.make CMakeFiles/cmTryCompileExec191905746.dir/build
gmake[1]: Entering directory `/root/Documents/ImageRetrieval/CMakeFiles/CMakeTmp'
/opt/cmake/bin/cmake -E cmake_progress_report /root/Documents/ImageRetrieval/CMakeFiles/CMakeTmp/CMakeFiles 1
Building C object CMakeFiles/cmTryCompileExec191905746.dir/CMakeCCompilerABI.c.o
/opt/centos/devtoolset-1.1/root/usr/bin/gcc    -o CMakeFiles/cmTryCompileExec191905746.dir/CMakeCCompilerABI.c.o   -c /opt/cmake/share/cmake-3.2/Modules/CMakeCCompilerABI.c
Linking C executable cmTryCompileExec191905746
/opt/cmake/bin/cmake -E cmake_link_script CMakeFiles/cmTryCompileExec191905746.dir/link.txt --verbose=1
/opt/centos/devtoolset-1.1/root/usr/bin/gcc      -v CMakeFiles/cmTryCompileExec191905746.dir/CMakeCCompilerABI.c.o  -o cmTryCompileExec191905746 -rdynamic  
Using built-in specs.
COLLECT_GCC=/opt/centos/devtoolset-1.1/root/usr/bin/gcc
COLLECT_LTO_WRAPPER=/opt/centos/devtoolset-1.1/root/usr/libexec/gcc/x86_64-redhat-linux/4.7.2/lto-wrapper
Target: x86_64-redhat-linux
Configured with: ../configure --prefix=/opt/centos/devtoolset-1.1/root/usr --mandir=/opt/centos/devtoolset-1.1/root/usr/share/man --infodir=/opt/centos/devtoolset-1.1/root/usr/share/info --with-bugurl=http://bugzilla.redhat.com/bugzilla --enable-bootstrap --enable-shared --enable-threads=posix --enable-checking=release --disable-build-with-cxx --disable-build-poststage1-with-cxx --with-system-zlib --enable-__cxa_atexit --disable-libunwind-exceptions --enable-gnu-unique-object --enable-linker-build-id --enable-languages=c,c++,fortran,lto --enable-plugin --with-linker-hash-style=gnu --enable-initfini-array --disable-libgcj --with-ppl --with-cloog --with-mpc=/home/centos/rpm/BUILD/gcc-4.7.2-20121015/obj-x86_64-redhat-linux/mpc-install --with-tune=generic --with-arch_32=i686 --build=x86_64-redhat-linux
Thread model: posix
gcc version 4.7.2 20121015 (Red Hat 4.7.2-5) (GCC) 
COMPILER_PATH=/opt/centos/devtoolset-1.1/root/usr/libexec/gcc/x86_64-redhat-linux/4.7.2/:/opt/centos/devtoolset-1.1/root/usr/libexec/gcc/x86_64-redhat-linux/4.7.2/:/opt/centos/devtoolset-1.1/root/usr/libexec/gcc/x86_64-redhat-linux/:/opt/centos/devtoolset-1.1/root/usr/lib/gcc/x86_64-redhat-linux/4.7.2/:/opt/centos/devtoolset-1.1/root/usr/lib/gcc/x86_64-redhat-linux/
LIBRARY_PATH=/opt/centos/devtoolset-1.1/root/usr/lib/gcc/x86_64-redhat-linux/4.7.2/:/opt/centos/devtoolset-1.1/root/usr/lib/gcc/x86_64-redhat-linux/4.7.2/../../../../lib64/:/lib/../lib64/:/usr/lib/../lib64/:/opt/centos/devtoolset-1.1/root/usr/lib/gcc/x86_64-redhat-linux/4.7.2/../../../:/lib/:/usr/lib/
COLLECT_GCC_OPTIONS='-v' '-o' 'cmTryCompileExec191905746' '-rdynamic' '-mtune=generic' '-march=x86-64'
 /opt/centos/devtoolset-1.1/root/usr/libexec/gcc/x86_64-redhat-linux/4.7.2/collect2 --build-id --no-add-needed --eh-frame-hdr --hash-style=gnu -m elf_x86_64 -export-dynamic -dynamic-linker /lib64/ld-linux-x86-64.so.2 -o cmTryCompileExec191905746 /usr/lib/../lib64/crt1.o /usr/lib/../lib64/crti.o /opt/centos/devtoolset-1.1/root/usr/lib/gcc/x86_64-redhat-linux/4.7.2/crtbegin.o -L/opt/centos/devtoolset-1.1/root/usr/lib/gcc/x86_64-redhat-linux/4.7.2 -L/opt/centos/devtoolset-1.1/root/usr/lib/gcc/x86_64-redhat-linux/4.7.2/../../../../lib64 -L/lib/../lib64 -L/usr/lib/../lib64 -L/opt/centos/devtoolset-1.1/root/usr/lib/gcc/x86_64-redhat-linux/4.7.2/../../.. CMakeFiles/cmTryCompileExec191905746.dir/CMakeCCompilerABI.c.o -lgcc --as-needed -lgcc_s --no-as-needed -lc -lgcc --as-needed -lgcc_s --no-as-needed /opt/centos/devtoolset-1.1/root/usr/lib/gcc/x86_64-redhat-linux/4.7.2/crtend.o /usr/lib/../lib64/crtn.o
gmake[1]: Leaving directory `/root/Documents/ImageRetrieval/CMakeFiles/CMakeTmp'


Parsed C implicit link information from above output:
  link line regex: [^( *|.*[/\])(ld|([^/\]+-)?ld|collect2)[^/\]*( |$)]
  ignore line: [Change Dir: /root/Documents/ImageRetrieval/CMakeFiles/CMakeTmp]
  ignore line: []
  ignore line: [Run Build Command:"/usr/bin/gmake" "cmTryCompileExec191905746/fast"]
  ignore line: [/usr/bin/gmake -f CMakeFiles/cmTryCompileExec191905746.dir/build.make CMakeFiles/cmTryCompileExec191905746.dir/build]
  ignore line: [gmake[1]: Entering directory `/root/Documents/ImageRetrieval/CMakeFiles/CMakeTmp']
  ignore line: [/opt/cmake/bin/cmake -E cmake_progress_report /root/Documents/ImageRetrieval/CMakeFiles/CMakeTmp/CMakeFiles 1]
  ignore line: [Building C object CMakeFiles/cmTryCompileExec191905746.dir/CMakeCCompilerABI.c.o]
  ignore line: [/opt/centos/devtoolset-1.1/root/usr/bin/gcc    -o CMakeFiles/cmTryCompileExec191905746.dir/CMakeCCompilerABI.c.o   -c /opt/cmake/share/cmake-3.2/Modules/CMakeCCompilerABI.c]
  ignore line: [Linking C executable cmTryCompileExec191905746]
  ignore line: [/opt/cmake/bin/cmake -E cmake_link_script CMakeFiles/cmTryCompileExec191905746.dir/link.txt --verbose=1]
  ignore line: [/opt/centos/devtoolset-1.1/root/usr/bin/gcc      -v CMakeFiles/cmTryCompileExec191905746.dir/CMakeCCompilerABI.c.o  -o cmTryCompileExec191905746 -rdynamic  ]
  ignore line: [Using built-in specs.]
  ignore line: [COLLECT_GCC=/opt/centos/devtoolset-1.1/root/usr/bin/gcc]
  ignore line: [COLLECT_LTO_WRAPPER=/opt/centos/devtoolset-1.1/root/usr/libexec/gcc/x86_64-redhat-linux/4.7.2/lto-wrapper]
  ignore line: [Target: x86_64-redhat-linux]
  ignore line: [Configured with: ../configure --prefix=/opt/centos/devtoolset-1.1/root/usr --mandir=/opt/centos/devtoolset-1.1/root/usr/share/man --infodir=/opt/centos/devtoolset-1.1/root/usr/share/info --with-bugurl=http://bugzilla.redhat.com/bugzilla --enable-bootstrap --enable-shared --enable-threads=posix --enable-checking=release --disable-build-with-cxx --disable-build-poststage1-with-cxx --with-system-zlib --enable-__cxa_atexit --disable-libunwind-exceptions --enable-gnu-unique-object --enable-linker-build-id --enable-languages=c,c++,fortran,lto --enable-plugin --with-linker-hash-style=gnu --enable-initfini-array --disable-libgcj --with-ppl --with-cloog --with-mpc=/home/centos/rpm/BUILD/gcc-4.7.2-20121015/obj-x86_64-redhat-linux/mpc-install --with-tune=generic --with-arch_32=i686 --build=x86_64-redhat-linux]
  ignore line: [Thread model: posix]
  ignore line: [gcc version 4.7.2 20121015 (Red Hat 4.7.2-5) (GCC) ]
  ignore line: [COMPILER_PATH=/opt/centos/devtoolset-1.1/root/usr/libexec/gcc/x86_64-redhat-linux/4.7.2/:/opt/centos/devtoolset-1.1/root/usr/libexec/gcc/x86_64-redhat-linux/4.7.2/:/opt/centos/devtoolset-1.1/root/usr/libexec/gcc/x86_64-redhat-linux/:/opt/centos/devtoolset-1.1/root/usr/lib/gcc/x86_64-redhat-linux/4.7.2/:/opt/centos/devtoolset-1.1/root/usr/lib/gcc/x86_64-redhat-linux/]
  ignore line: [LIBRARY_PATH=/opt/centos/devtoolset-1.1/root/usr/lib/gcc/x86_64-redhat-linux/4.7.2/:/opt/centos/devtoolset-1.1/root/usr/lib/gcc/x86_64-redhat-linux/4.7.2/../../../../lib64/:/lib/../lib64/:/usr/lib/../lib64/:/opt/centos/devtoolset-1.1/root/usr/lib/gcc/x86_64-redhat-linux/4.7.2/../../../:/lib/:/usr/lib/]
  ignore line: [COLLECT_GCC_OPTIONS='-v' '-o' 'cmTryCompileExec191905746' '-rdynamic' '-mtune=generic' '-march=x86-64']
  link line: [ /opt/centos/devtoolset-1.1/root/usr/libexec/gcc/x86_64-redhat-linux/4.7.2/collect2 --build-id --no-add-needed --eh-frame-hdr --hash-style=gnu -m elf_x86_64 -export-dynamic -dynamic-linker /lib64/ld-linux-x86-64.so.2 -o cmTryCompileExec191905746 /usr/lib/../lib64/crt1.o /usr/lib/../lib64/crti.o /opt/centos/devtoolset-1.1/root/usr/lib/gcc/x86_64-redhat-linux/4.7.2/crtbegin.o -L/opt/centos/devtoolset-1.1/root/usr/lib/gcc/x86_64-redhat-linux/4.7.2 -L/opt/centos/devtoolset-1.1/root/usr/lib/gcc/x86_64-redhat-linux/4.7.2/../../../../lib64 -L/lib/../lib64 -L/usr/lib/../lib64 -L/opt/centos/devtoolset-1.1/root/usr/lib/gcc/x86_64-redhat-linux/4.7.2/../../.. CMakeFiles/cmTryCompileExec191905746.dir/CMakeCCompilerABI.c.o -lgcc --as-needed -lgcc_s --no-as-needed -lc -lgcc --as-needed -lgcc_s --no-as-needed /opt/centos/devtoolset-1.1/root/usr/lib/gcc/x86_64-redhat-linux/4.7.2/crtend.o /usr/lib/../lib64/crtn.o]
    arg [/opt/centos/devtoolset-1.1/root/usr/libexec/gcc/x86_64-redhat-linux/4.7.2/collect2] ==> ignore
    arg [--build-id] ==> ignore
    arg [--no-add-needed] ==> ignore
    arg [--eh-frame-hdr] ==> ignore
    arg [--hash-style=gnu] ==> ignore
    arg [-m] ==> ignore
    arg [elf_x86_64] ==> ignore
    arg [-export-dynamic] ==> ignore
    arg [-dynamic-linker] ==> ignore
    arg [/lib64/ld-linux-x86-64.so.2] ==> ignore
    arg [-o] ==> ignore
    arg [cmTryCompileExec191905746] ==> ignore
    arg [/usr/lib/../lib64/crt1.o] ==> ignore
    arg [/usr/lib/../lib64/crti.o] ==> ignore
    arg [/opt/centos/devtoolset-1.1/root/usr/lib/gcc/x86_64-redhat-linux/4.7.2/crtbegin.o] ==> ignore
    arg [-L/opt/centos/devtoolset-1.1/root/usr/lib/gcc/x86_64-redhat-linux/4.7.2] ==> dir [/opt/centos/devtoolset-1.1/root/usr/lib/gcc/x86_64-redhat-linux/4.7.2]
    arg [-L/opt/centos/devtoolset-1.1/root/usr/lib/gcc/x86_64-redhat-linux/4.7.2/../../../../lib64] ==> dir [/opt/centos/devtoolset-1.1/root/usr/lib/gcc/x86_64-redhat-linux/4.7.2/../../../../lib64]
    arg [-L/lib/../lib64] ==> dir [/lib/../lib64]
    arg [-L/usr/lib/../lib64] ==> dir [/usr/lib/../lib64]
    arg [-L/opt/centos/devtoolset-1.1/root/usr/lib/gcc/x86_64-redhat-linux/4.7.2/../../..] ==> dir [/opt/centos/devtoolset-1.1/root/usr/lib/gcc/x86_64-redhat-linux/4.7.2/../../..]
    arg [CMakeFiles/cmTryCompileExec191905746.dir/CMakeCCompilerABI.c.o] ==> ignore
    arg [-lgcc] ==> lib [gcc]
    arg [--as-needed] ==> ignore
    arg [-lgcc_s] ==> lib [gcc_s]
    arg [--no-as-needed] ==> ignore
    arg [-lc] ==> lib [c]
    arg [-lgcc] ==> lib [gcc]
    arg [--as-needed] ==> ignore
    arg [-lgcc_s] ==> lib [gcc_s]
    arg [--no-as-needed] ==> ignore
    arg [/opt/centos/devtoolset-1.1/root/usr/lib/gcc/x86_64-redhat-linux/4.7.2/crtend.o] ==> ignore
    arg [/usr/lib/../lib64/crtn.o] ==> ignore
  remove lib [gcc]
  remove lib [gcc_s]
  remove lib [gcc]
  remove lib [gcc_s]
  collapse library dir [/opt/centos/devtoolset-1.1/root/usr/lib/gcc/x86_64-redhat-linux/4.7.2] ==> [/opt/centos/devtoolset-1.1/root/usr/lib/gcc/x86_64-redhat-linux/4.7.2]
  collapse library dir [/opt/centos/devtoolset-1.1/root/usr/lib/gcc/x86_64-redhat-linux/4.7.2/../../../../lib64] ==> [/opt/centos/devtoolset-1.1/root/usr/lib64]
  collapse library dir [/lib/../lib64] ==> [/lib64]
  collapse library dir [/usr/lib/../lib64] ==> [/usr/lib64]
  collapse library dir [/opt/centos/devtoolset-1.1/root/usr/lib/gcc/x86_64-redhat-linux/4.7.2/../../..] ==> [/opt/centos/devtoolset-1.1/root/usr/lib]
  implicit libs: [c]
  implicit dirs: [/opt/centos/devtoolset-1.1/root/usr/lib/gcc/x86_64-redhat-linux/4.7.2;/opt/centos/devtoolset-1.1/root/usr/lib64;/lib64;/usr/lib64;/opt/centos/devtoolset-1.1/root/usr/lib]
  implicit fwks: []




Detecting C [-std=c11] compiler features compiled with the following output:
Change Dir: /root/Documents/ImageRetrieval/CMakeFiles/CMakeTmp

Run Build Command:"/usr/bin/gmake" "cmTryCompileExec4096700907/fast"
/usr/bin/gmake -f CMakeFiles/cmTryCompileExec4096700907.dir/build.make CMakeFiles/cmTryCompileExec4096700907.dir/build
gmake[1]: Entering directory `/root/Documents/ImageRetrieval/CMakeFiles/CMakeTmp'
/opt/cmake/bin/cmake -E cmake_progress_report /root/Documents/ImageRetrieval/CMakeFiles/CMakeTmp/CMakeFiles 1
Building C object CMakeFiles/cmTryCompileExec4096700907.dir/feature_tests.c.o
/opt/centos/devtoolset-1.1/root/usr/bin/gcc   -std=c11 -o CMakeFiles/cmTryCompileExec4096700907.dir/feature_tests.c.o   -c /root/Documents/ImageRetrieval/CMakeFiles/feature_tests.c
Linking C executable cmTryCompileExec4096700907
/opt/cmake/bin/cmake -E cmake_link_script CMakeFiles/cmTryCompileExec4096700907.dir/link.txt --verbose=1
/opt/centos/devtoolset-1.1/root/usr/bin/gcc       CMakeFiles/cmTryCompileExec4096700907.dir/feature_tests.c.o  -o cmTryCompileExec4096700907 -rdynamic 
gmake[1]: Leaving directory `/root/Documents/ImageRetrieval/CMakeFiles/CMakeTmp'


    Feature record: C_FEATURE:1c_function_prototypes
    Feature record: C_FEATURE:1c_restrict
    Feature record: C_FEATURE:1c_static_assert
    Feature record: C_FEATURE:1c_variadic_macros


Detecting C [-std=c99] compiler features compiled with the following output:
Change Dir: /root/Documents/ImageRetrieval/CMakeFiles/CMakeTmp

Run Build Command:"/usr/bin/gmake" "cmTryCompileExec469937494/fast"
/usr/bin/gmake -f CMakeFiles/cmTryCompileExec469937494.dir/build.make CMakeFiles/cmTryCompileExec469937494.dir/build
gmake[1]: Entering directory `/root/Documents/ImageRetrieval/CMakeFiles/CMakeTmp'
/opt/cmake/bin/cmake -E cmake_progress_report /root/Documents/ImageRetrieval/CMakeFiles/CMakeTmp/CMakeFiles 1
Building C object CMakeFiles/cmTryCompileExec469937494.dir/feature_tests.c.o
/opt/centos/devtoolset-1.1/root/usr/bin/gcc   -std=c99 -o CMakeFiles/cmTryCompileExec469937494.dir/feature_tests.c.o   -c /root/Documents/ImageRetrieval/CMakeFiles/feature_tests.c
Linking C executable cmTryCompileExec469937494
/opt/cmake/bin/cmake -E cmake_link_script CMakeFiles/cmTryCompileExec469937494.dir/link.txt --verbose=1
/opt/centos/devtoolset-1.1/root/usr/bin/gcc       CMakeFiles/cmTryCompileExec469937494.dir/feature_tests.c.o  -o cmTryCompileExec469937494 -rdynamic 
gmake[1]: Leaving directory `/root/Documents/ImageRetrieval/CMakeFiles/CMakeTmp'


    Feature record: C_FEATURE:1c_function_prototypes
    Feature record: C_FEATURE:1c_restrict
    Feature record: C_FEATURE:0c_static_assert
    Feature record: C_FEATURE:1c_variadic_macros


Detecting C [-std=c90] compiler features compiled with the following output:
Change Dir: /root/Documents/ImageRetrieval/CMakeFiles/CMakeTmp

Run Build Command:"/usr/bin/gmake" "cmTryCompileExec325224274/fast"
/usr/bin/gmake -f CMakeFiles/cmTryCompileExec325224274.dir/build.make CMakeFiles/cmTryCompileExec325224274.dir/build
gmake[1]: Entering directory `/root/Documents/ImageRetrieval/CMakeFiles/CMakeTmp'
/opt/cmake/bin/cmake -E cmake_progress_report /root/Documents/ImageRetrieval/CMakeFiles/CMakeTmp/CMakeFiles 1
Building C object CMakeFiles/cmTryCompileExec325224274.dir/feature_tests.c.o
/opt/centos/devtoolset-1.1/root/usr/bin/gcc   -std=c90 -o CMakeFiles/cmTryCompileExec325224274.dir/feature_tests.c.o   -c /root/Documents/ImageRetrieval/CMakeFiles/feature_tests.c
Linking C executable cmTryCompileExec325224274
/opt/cmake/bin/cmake -E cmake_link_script CMakeFiles/cmTryCompileExec325224274.dir/link.txt --verbose=1
/opt/centos/devtoolset-1.1/root/usr/bin/gcc       CMakeFiles/cmTryCompileExec325224274.dir/feature_tests.c.o  -o cmTryCompileExec325224274 -rdynamic 
gmake[1]: Leaving directory `/root/Documents/ImageRetrieval/CMakeFiles/CMakeTmp'


    Feature record: C_FEATURE:1c_function_prototypes
    Feature record: C_FEATURE:0c_restrict
    Feature record: C_FEATURE:0c_static_assert
    Feature record: C_FEATURE:0c_variadic_macros
Determining if the CXX compiler works passed with the following output:
Change Dir: /root/Documents/ImageRetrieval/CMakeFiles/CMakeTmp

Run Build Command:"/usr/bin/gmake" "cmTryCompileExec2286008025/fast"
/usr/bin/gmake -f CMakeFiles/cmTryCompileExec2286008025.dir/build.make CMakeFiles/cmTryCompileExec2286008025.dir/build
gmake[1]: Entering directory `/root/Documents/ImageRetrieval/CMakeFiles/CMakeTmp'
/opt/cmake/bin/cmake -E cmake_progress_report /root/Documents/ImageRetrieval/CMakeFiles/CMakeTmp/CMakeFiles 1
Building CXX object CMakeFiles/cmTryCompileExec2286008025.dir/testCXXCompiler.cxx.o
/opt/centos/devtoolset-1.1/root/usr/bin/g++     -o CMakeFiles/cmTryCompileExec2286008025.dir/testCXXCompiler.cxx.o -c /root/Documents/ImageRetrieval/CMakeFiles/CMakeTmp/testCXXCompiler.cxx
Linking CXX executable cmTryCompileExec2286008025
/opt/cmake/bin/cmake -E cmake_link_script CMakeFiles/cmTryCompileExec2286008025.dir/link.txt --verbose=1
/opt/centos/devtoolset-1.1/root/usr/bin/g++        CMakeFiles/cmTryCompileExec2286008025.dir/testCXXCompiler.cxx.o  -o cmTryCompileExec2286008025 -rdynamic 
gmake[1]: Leaving directory `/root/Documents/ImageRetrieval/CMakeFiles/CMakeTmp'


Detecting CXX compiler ABI info compiled with the following output:
Change Dir: /root/Documents/ImageRetrieval/CMakeFiles/CMakeTmp

Run Build Command:"/usr/bin/gmake" "cmTryCompileExec2724889539/fast"
/usr/bin/gmake -f CMakeFiles/cmTryCompileExec2724889539.dir/build.make CMakeFiles/cmTryCompileExec2724889539.dir/build
gmake[1]: Entering directory `/root/Documents/ImageRetrieval/CMakeFiles/CMakeTmp'
/opt/cmake/bin/cmake -E cmake_progress_report /root/Documents/ImageRetrieval/CMakeFiles/CMakeTmp/CMakeFiles 1
Building CXX object CMakeFiles/cmTryCompileExec2724889539.dir/CMakeCXXCompilerABI.cpp.o
/opt/centos/devtoolset-1.1/root/usr/bin/g++     -o CMakeFiles/cmTryCompileExec2724889539.dir/CMakeCXXCompilerABI.cpp.o -c /opt/cmake/share/cmake-3.2/Modules/CMakeCXXCompilerABI.cpp
Linking CXX executable cmTryCompileExec2724889539
/opt/cmake/bin/cmake -E cmake_link_script CMakeFiles/cmTryCompileExec2724889539.dir/link.txt --verbose=1
/opt/centos/devtoolset-1.1/root/usr/bin/g++       -v CMakeFiles/cmTryCompileExec2724889539.dir/CMakeCXXCompilerABI.cpp.o  -o cmTryCompileExec2724889539 -rdynamic  
Using built-in specs.
COLLECT_GCC=/opt/centos/devtoolset-1.1/root/usr/bin/g++
COLLECT_LTO_WRAPPER=/opt/centos/devtoolset-1.1/root/usr/libexec/gcc/x86_64-redhat-linux/4.7.2/lto-wrapper
Target: x86_64-redhat-linux
Configured with: ../configure --prefix=/opt/centos/devtoolset-1.1/root/usr --mandir=/opt/centos/devtoolset-1.1/root/usr/share/man --infodir=/opt/centos/devtoolset-1.1/root/usr/share/info --with-bugurl=http://bugzilla.redhat.com/bugzilla --enable-bootstrap --enable-shared --enable-threads=posix --enable-checking=release --disable-build-with-cxx --disable-build-poststage1-with-cxx --with-system-zlib --enable-__cxa_atexit --disable-libunwind-exceptions --enable-gnu-unique-object --enable-linker-build-id --enable-languages=c,c++,fortran,lto --enable-plugin --with-linker-hash-style=gnu --enable-initfini-array --disable-libgcj --with-ppl --with-cloog --with-mpc=/home/centos/rpm/BUILD/gcc-4.7.2-20121015/obj-x86_64-redhat-linux/mpc-install --with-tune=generic --with-arch_32=i686 --build=x86_64-redhat-linux
Thread model: posix
gcc version 4.7.2 20121015 (Red Hat 4.7.2-5) (GCC) 
COMPILER_PATH=/opt/centos/devtoolset-1.1/root/usr/libexec/gcc/x86_64-redhat-linux/4.7.2/:/opt/centos/devtoolset-1.1/root/usr/libexec/gcc/x86_64-redhat-linux/4.7.2/:/opt/centos/devtoolset-1.1/root/usr/libexec/gcc/x86_64-redhat-linux/:/opt/centos/devtoolset-1.1/root/usr/lib/gcc/x86_64-redhat-linux/4.7.2/:/opt/centos/devtoolset-1.1/root/usr/lib/gcc/x86_64-redhat-linux/
LIBRARY_PATH=/opt/centos/devtoolset-1.1/root/usr/lib/gcc/x86_64-redhat-linux/4.7.2/:/opt/centos/devtoolset-1.1/root/usr/lib/gcc/x86_64-redhat-linux/4.7.2/../../../../lib64/:/lib/../lib64/:/usr/lib/../lib64/:/opt/centos/devtoolset-1.1/root/usr/lib/gcc/x86_64-redhat-linux/4.7.2/../../../:/lib/:/usr/lib/
COLLECT_GCC_OPTIONS='-v' '-o' 'cmTryCompileExec2724889539' '-rdynamic' '-shared-libgcc' '-mtune=generic' '-march=x86-64'
 /opt/centos/devtoolset-1.1/root/usr/libexec/gcc/x86_64-redhat-linux/4.7.2/collect2 --build-id --no-add-needed --eh-frame-hdr --hash-style=gnu -m elf_x86_64 -export-dynamic -dynamic-linker /lib64/ld-linux-x86-64.so.2 -o cmTryCompileExec2724889539 /usr/lib/../lib64/crt1.o /usr/lib/../lib64/crti.o /opt/centos/devtoolset-1.1/root/usr/lib/gcc/x86_64-redhat-linux/4.7.2/crtbegin.o -L/opt/centos/devtoolset-1.1/root/usr/lib/gcc/x86_64-redhat-linux/4.7.2 -L/opt/centos/devtoolset-1.1/root/usr/lib/gcc/x86_64-redhat-linux/4.7.2/../../../../lib64 -L/lib/../lib64 -L/usr/lib/../lib64 -L/opt/centos/devtoolset-1.1/root/usr/lib/gcc/x86_64-redhat-linux/4.7.2/../../.. CMakeFiles/cmTryCompileExec2724889539.dir/CMakeCXXCompilerABI.cpp.o -lstdc++ -lm -lgcc_s -lgcc -lc -lgcc_s -lgcc /opt/centos/devtoolset-1.1/root/usr/lib/gcc/x86_64-redhat-linux/4.7.2/crtend.o /usr/lib/../lib64/crtn.o
gmake[1]: Leaving directory `/root/Documents/ImageRetrieval/CMakeFiles/CMakeTmp'


Parsed CXX implicit link information from above output:
  link line regex: [^( *|.*[/\])(ld|([^/\]+-)?ld|collect2)[^/\]*( |$)]
  ignore line: [Change Dir: /root/Documents/ImageRetrieval/CMakeFiles/CMakeTmp]
  ignore line: []
  ignore line: [Run Build Command:"/usr/bin/gmake" "cmTryCompileExec2724889539/fast"]
  ignore line: [/usr/bin/gmake -f CMakeFiles/cmTryCompileExec2724889539.dir/build.make CMakeFiles/cmTryCompileExec2724889539.dir/build]
  ignore line: [gmake[1]: Entering directory `/root/Documents/ImageRetrieval/CMakeFiles/CMakeTmp']
  ignore line: [/opt/cmake/bin/cmake -E cmake_progress_report /root/Documents/ImageRetrieval/CMakeFiles/CMakeTmp/CMakeFiles 1]
  ignore line: [Building CXX object CMakeFiles/cmTryCompileExec2724889539.dir/CMakeCXXCompilerABI.cpp.o]
  ignore line: [/opt/centos/devtoolset-1.1/root/usr/bin/g++     -o CMakeFiles/cmTryCompileExec2724889539.dir/CMakeCXXCompilerABI.cpp.o -c /opt/cmake/share/cmake-3.2/Modules/CMakeCXXCompilerABI.cpp]
  ignore line: [Linking CXX executable cmTryCompileExec2724889539]
  ignore line: [/opt/cmake/bin/cmake -E cmake_link_script CMakeFiles/cmTryCompileExec2724889539.dir/link.txt --verbose=1]
  ignore line: [/opt/centos/devtoolset-1.1/root/usr/bin/g++       -v CMakeFiles/cmTryCompileExec2724889539.dir/CMakeCXXCompilerABI.cpp.o  -o cmTryCompileExec2724889539 -rdynamic  ]
  ignore line: [Using built-in specs.]
  ignore line: [COLLECT_GCC=/opt/centos/devtoolset-1.1/root/usr/bin/g++]
  ignore line: [COLLECT_LTO_WRAPPER=/opt/centos/devtoolset-1.1/root/usr/libexec/gcc/x86_64-redhat-linux/4.7.2/lto-wrapper]
  ignore line: [Target: x86_64-redhat-linux]
  ignore line: [Configured with: ../configure --prefix=/opt/centos/devtoolset-1.1/root/usr --mandir=/opt/centos/devtoolset-1.1/root/usr/share/man --infodir=/opt/centos/devtoolset-1.1/root/usr/share/info --with-bugurl=http://bugzilla.redhat.com/bugzilla --enable-bootstrap --enable-shared --enable-threads=posix --enable-checking=release --disable-build-with-cxx --disable-build-poststage1-with-cxx --with-system-zlib --enable-__cxa_atexit --disable-libunwind-exceptions --enable-gnu-unique-object --enable-linker-build-id --enable-languages=c,c++,fortran,lto --enable-plugin --with-linker-hash-style=gnu --enable-initfini-array --disable-libgcj --with-ppl --with-cloog --with-mpc=/home/centos/rpm/BUILD/gcc-4.7.2-20121015/obj-x86_64-redhat-linux/mpc-install --with-tune=generic --with-arch_32=i686 --build=x86_64-redhat-linux]
  ignore line: [Thread model: posix]
  ignore line: [gcc version 4.7.2 20121015 (Red Hat 4.7.2-5) (GCC) ]
  ignore line: [COMPILER_PATH=/opt/centos/devtoolset-1.1/root/usr/libexec/gcc/x86_64-redhat-linux/4.7.2/:/opt/centos/devtoolset-1.1/root/usr/libexec/gcc/x86_64-redhat-linux/4.7.2/:/opt/centos/devtoolset-1.1/root/usr/libexec/gcc/x86_64-redhat-linux/:/opt/centos/devtoolset-1.1/root/usr/lib/gcc/x86_64-redhat-linux/4.7.2/:/opt/centos/devtoolset-1.1/root/usr/lib/gcc/x86_64-redhat-linux/]
  ignore line: [LIBRARY_PATH=/opt/centos/devtoolset-1.1/root/usr/lib/gcc/x86_64-redhat-linux/4.7.2/:/opt/centos/devtoolset-1.1/root/usr/lib/gcc/x86_64-redhat-linux/4.7.2/../../../../lib64/:/lib/../lib64/:/usr/lib/../lib64/:/opt/centos/devtoolset-1.1/root/usr/lib/gcc/x86_64-redhat-linux/4.7.2/../../../:/lib/:/usr/lib/]
  ignore line: [COLLECT_GCC_OPTIONS='-v' '-o' 'cmTryCompileExec2724889539' '-rdynamic' '-shared-libgcc' '-mtune=generic' '-march=x86-64']
  link line: [ /opt/centos/devtoolset-1.1/root/usr/libexec/gcc/x86_64-redhat-linux/4.7.2/collect2 --build-id --no-add-needed --eh-frame-hdr --hash-style=gnu -m elf_x86_64 -export-dynamic -dynamic-linker /lib64/ld-linux-x86-64.so.2 -o cmTryCompileExec2724889539 /usr/lib/../lib64/crt1.o /usr/lib/../lib64/crti.o /opt/centos/devtoolset-1.1/root/usr/lib/gcc/x86_64-redhat-linux/4.7.2/crtbegin.o -L/opt/centos/devtoolset-1.1/root/usr/lib/gcc/x86_64-redhat-linux/4.7.2 -L/opt/centos/devtoolset-1.1/root/usr/lib/gcc/x86_64-redhat-linux/4.7.2/../../../../lib64 -L/lib/../lib64 -L/usr/lib/../lib64 -L/opt/centos/devtoolset-1.1/root/usr/lib/gcc/x86_64-redhat-linux/4.7.2/../../.. CMakeFiles/cmTryCompileExec2724889539.dir/CMakeCXXCompilerABI.cpp.o -lstdc++ -lm -lgcc_s -lgcc -lc -lgcc_s -lgcc /opt/centos/devtoolset-1.1/root/usr/lib/gcc/x86_64-redhat-linux/4.7.2/crtend.o /usr/lib/../lib64/crtn.o]
    arg [/opt/centos/devtoolset-1.1/root/usr/libexec/gcc/x86_64-redhat-linux/4.7.2/collect2] ==> ignore
    arg [--build-id] ==> ignore
    arg [--no-add-needed] ==> ignore
    arg [--eh-frame-hdr] ==> ignore
    arg [--hash-style=gnu] ==> ignore
    arg [-m] ==> ignore
    arg [elf_x86_64] ==> ignore
    arg [-export-dynamic] ==> ignore
    arg [-dynamic-linker] ==> ignore
    arg [/lib64/ld-linux-x86-64.so.2] ==> ignore
    arg [-o] ==> ignore
    arg [cmTryCompileExec2724889539] ==> ignore
    arg [/usr/lib/../lib64/crt1.o] ==> ignore
    arg [/usr/lib/../lib64/crti.o] ==> ignore
    arg [/opt/centos/devtoolset-1.1/root/usr/lib/gcc/x86_64-redhat-linux/4.7.2/crtbegin.o] ==> ignore
    arg [-L/opt/centos/devtoolset-1.1/root/usr/lib/gcc/x86_64-redhat-linux/4.7.2] ==> dir [/opt/centos/devtoolset-1.1/root/usr/lib/gcc/x86_64-redhat-linux/4.7.2]
    arg [-L/opt/centos/devtoolset-1.1/root/usr/lib/gcc/x86_64-redhat-linux/4.7.2/../../../../lib64] ==> dir [/opt/centos/devtoolset-1.1/root/usr/lib/gcc/x86_64-redhat-linux/4.7.2/../../../../lib64]
    arg [-L/lib/../lib64] ==> dir [/lib/../lib64]
    arg [-L/usr/lib/../lib64] ==> dir [/usr/lib/../lib64]
    arg [-L/opt/centos/devtoolset-1.1/root/usr/lib/gcc/x86_64-redhat-linux/4.7.2/../../..] ==> dir [/opt/centos/devtoolset-1.1/root/usr/lib/gcc/x86_64-redhat-linux/4.7.2/../../..]
    arg [CMakeFiles/cmTryCompileExec2724889539.dir/CMakeCXXCompilerABI.cpp.o] ==> ignore
    arg [-lstdc++] ==> lib [stdc++]
    arg [-lm] ==> lib [m]
    arg [-lgcc_s] ==> lib [gcc_s]
    arg [-lgcc] ==> lib [gcc]
    arg [-lc] ==> lib [c]
    arg [-lgcc_s] ==> lib [gcc_s]
    arg [-lgcc] ==> lib [gcc]
    arg [/opt/centos/devtoolset-1.1/root/usr/lib/gcc/x86_64-redhat-linux/4.7.2/crtend.o] ==> ignore
    arg [/usr/lib/../lib64/crtn.o] ==> ignore
  remove lib [gcc_s]
  remove lib [gcc]
  remove lib [gcc_s]
  remove lib [gcc]
  collapse library dir [/opt/centos/devtoolset-1.1/root/usr/lib/gcc/x86_64-redhat-linux/4.7.2] ==> [/opt/centos/devtoolset-1.1/root/usr/lib/gcc/x86_64-redhat-linux/4.7.2]
  collapse library dir [/opt/centos/devtoolset-1.1/root/usr/lib/gcc/x86_64-redhat-linux/4.7.2/../../../../lib64] ==> [/opt/centos/devtoolset-1.1/root/usr/lib64]
  collapse library dir [/lib/../lib64] ==> [/lib64]
  collapse library dir [/usr/lib/../lib64] ==> [/usr/lib64]
  collapse library dir [/opt/centos/devtoolset-1.1/root/usr/lib/gcc/x86_64-redhat-linux/4.7.2/../../..] ==> [/opt/centos/devtoolset-1.1/root/usr/lib]
  implicit libs: [stdc++;m;c]
  implicit dirs: [/opt/centos/devtoolset-1.1/root/usr/lib/gcc/x86_64-redhat-linux/4.7.2;/opt/centos/devtoolset-1.1/root/usr/lib64;/lib64;/usr/lib64;/opt/centos/devtoolset-1.1/root/usr/lib]
  implicit fwks: []




Detecting CXX [-std=c++11] compiler features compiled with the following output:
Change Dir: /root/Documents/ImageRetrieval/CMakeFiles/CMakeTmp

Run Build Command:"/usr/bin/gmake" "cmTryCompileExec544298598/fast"
/usr/bin/gmake -f CMakeFiles/cmTryCompileExec544298598.dir/build.make CMakeFiles/cmTryCompileExec544298598.dir/build
gmake[1]: Entering directory `/root/Documents/ImageRetrieval/CMakeFiles/CMakeTmp'
/opt/cmake/bin/cmake -E cmake_progress_report /root/Documents/ImageRetrieval/CMakeFiles/CMakeTmp/CMakeFiles 1
Building CXX object CMakeFiles/cmTryCompileExec544298598.dir/feature_tests.cxx.o
/opt/centos/devtoolset-1.1/root/usr/bin/g++    -std=c++11 -o CMakeFiles/cmTryCompileExec544298598.dir/feature_tests.cxx.o -c /root/Documents/ImageRetrieval/CMakeFiles/feature_tests.cxx
Linking CXX executable cmTryCompileExec544298598
/opt/cmake/bin/cmake -E cmake_link_script CMakeFiles/cmTryCompileExec544298598.dir/link.txt --verbose=1
/opt/centos/devtoolset-1.1/root/usr/bin/g++        CMakeFiles/cmTryCompileExec544298598.dir/feature_tests.cxx.o  -o cmTryCompileExec544298598 -rdynamic 
gmake[1]: Leaving directory `/root/Documents/ImageRetrieval/CMakeFiles/CMakeTmp'


    Feature record: CXX_FEATURE:0cxx_aggregate_default_initializers
    Feature record: CXX_FEATURE:1cxx_alias_templates
    Feature record: CXX_FEATURE:0cxx_alignas
    Feature record: CXX_FEATURE:0cxx_alignof
    Feature record: CXX_FEATURE:0cxx_attributes
    Feature record: CXX_FEATURE:0cxx_attribute_deprecated
    Feature record: CXX_FEATURE:1cxx_auto_type
    Feature record: CXX_FEATURE:0cxx_binary_literals
    Feature record: CXX_FEATURE:1cxx_constexpr
    Feature record: CXX_FEATURE:0cxx_contextual_conversions
    Feature record: CXX_FEATURE:1cxx_decltype
    Feature record: CXX_FEATURE:0cxx_decltype_auto
    Feature record: CXX_FEATURE:0cxx_decltype_incomplete_return_types
    Feature record: CXX_FEATURE:1cxx_default_function_template_args
    Feature record: CXX_FEATURE:1cxx_defaulted_functions
    Feature record: CXX_FEATURE:1cxx_defaulted_move_initializers
    Feature record: CXX_FEATURE:1cxx_delegating_constructors
    Feature record: CXX_FEATURE:1cxx_deleted_functions
    Feature record: CXX_FEATURE:0cxx_digit_separators
    Feature record: CXX_FEATURE:1cxx_enum_forward_declarations
    Feature record: CXX_FEATURE:1cxx_explicit_conversions
    Feature record: CXX_FEATURE:1cxx_extended_friend_declarations
    Feature record: CXX_FEATURE:1cxx_extern_templates
    Feature record: CXX_FEATURE:1cxx_final
    Feature record: CXX_FEATURE:1cxx_func_identifier
    Feature record: CXX_FEATURE:1cxx_generalized_initializers
    Feature record: CXX_FEATURE:0cxx_generic_lambdas
    Feature record: CXX_FEATURE:0cxx_inheriting_constructors
    Feature record: CXX_FEATURE:1cxx_inline_namespaces
    Feature record: CXX_FEATURE:1cxx_lambdas
    Feature record: CXX_FEATURE:0cxx_lambda_init_captures
    Feature record: CXX_FEATURE:1cxx_local_type_template_args
    Feature record: CXX_FEATURE:1cxx_long_long_type
    Feature record: CXX_FEATURE:1cxx_noexcept
    Feature record: CXX_FEATURE:1cxx_nonstatic_member_init
    Feature record: CXX_FEATURE:1cxx_nullptr
    Feature record: CXX_FEATURE:1cxx_override
    Feature record: CXX_FEATURE:1cxx_range_for
    Feature record: CXX_FEATURE:1cxx_raw_string_literals
    Feature record: CXX_FEATURE:0cxx_reference_qualified_functions
    Feature record: CXX_FEATURE:0cxx_relaxed_constexpr
    Feature record: CXX_FEATURE:0cxx_return_type_deduction
    Feature record: CXX_FEATURE:1cxx_right_angle_brackets
    Feature record: CXX_FEATURE:1cxx_rvalue_references
    Feature record: CXX_FEATURE:1cxx_sizeof_member
    Feature record: CXX_FEATURE:1cxx_static_assert
    Feature record: CXX_FEATURE:1cxx_strong_enums
    Feature record: CXX_FEATURE:1cxx_template_template_parameters
    Feature record: CXX_FEATURE:0cxx_thread_local
    Feature record: CXX_FEATURE:1cxx_trailing_return_types
    Feature record: CXX_FEATURE:1cxx_unicode_literals
    Feature record: CXX_FEATURE:1cxx_uniform_initialization
    Feature record: CXX_FEATURE:1cxx_unrestricted_unions
    Feature record: CXX_FEATURE:1cxx_user_literals
    Feature record: CXX_FEATURE:0cxx_variable_templates
    Feature record: CXX_FEATURE:1cxx_variadic_macros
    Feature record: CXX_FEATURE:1cxx_variadic_templates


Detecting CXX [-std=c++98] compiler features compiled with the following output:
Change Dir: /root/Documents/ImageRetrieval/CMakeFiles/CMakeTmp

Run Build Command:"/usr/bin/gmake" "cmTryCompileExec208093215/fast"
/usr/bin/gmake -f CMakeFiles/cmTryCompileExec208093215.dir/build.make CMakeFiles/cmTryCompileExec208093215.dir/build
gmake[1]: Entering directory `/root/Documents/ImageRetrieval/CMakeFiles/CMakeTmp'
/opt/cmake/bin/cmake -E cmake_progress_report /root/Documents/ImageRetrieval/CMakeFiles/CMakeTmp/CMakeFiles 1
Building CXX object CMakeFiles/cmTryCompileExec208093215.dir/feature_tests.cxx.o
/opt/centos/devtoolset-1.1/root/usr/bin/g++    -std=c++98 -o CMakeFiles/cmTryCompileExec208093215.dir/feature_tests.cxx.o -c /root/Documents/ImageRetrieval/CMakeFiles/feature_tests.cxx
Linking CXX executable cmTryCompileExec208093215
/opt/cmake/bin/cmake -E cmake_link_script CMakeFiles/cmTryCompileExec208093215.dir/link.txt --verbose=1
/opt/centos/devtoolset-1.1/root/usr/bin/g++        CMakeFiles/cmTryCompileExec208093215.dir/feature_tests.cxx.o  -o cmTryCompileExec208093215 -rdynamic 
gmake[1]: Leaving directory `/root/Documents/ImageRetrieval/CMakeFiles/CMakeTmp'


    Feature record: CXX_FEATURE:0cxx_aggregate_default_initializers
    Feature record: CXX_FEATURE:0cxx_alias_templates
    Feature record: CXX_FEATURE:0cxx_alignas
    Feature record: CXX_FEATURE:0cxx_alignof
    Feature record: CXX_FEATURE:0cxx_attributes
    Feature record: CXX_FEATURE:0cxx_attribute_deprecated
    Feature record: CXX_FEATURE:0cxx_auto_type
    Feature record: CXX_FEATURE:0cxx_binary_literals
    Feature record: CXX_FEATURE:0cxx_constexpr
    Feature record: CXX_FEATURE:0cxx_contextual_conversions
    Feature record: CXX_FEATURE:0cxx_decltype
    Feature record: CXX_FEATURE:0cxx_decltype_auto
    Feature record: CXX_FEATURE:0cxx_decltype_incomplete_return_types
    Feature record: CXX_FEATURE:0cxx_default_function_template_args
    Feature record: CXX_FEATURE:0cxx_defaulted_functions
    Feature record: CXX_FEATURE:0cxx_defaulted_move_initializers
    Feature record: CXX_FEATURE:0cxx_delegating_constructors
    Feature record: CXX_FEATURE:0cxx_deleted_functions
    Feature record: CXX_FEATURE:0cxx_digit_separators
    Feature record: CXX_FEATURE:0cxx_enum_forward_declarations
    Feature record: CXX_FEATURE:0cxx_explicit_conversions
    Feature record: CXX_FEATURE:0cxx_extended_friend_declarations
    Feature record: CXX_FEATURE:0cxx_extern_templates
    Feature record: CXX_FEATURE:0cxx_final
    Feature record: CXX_FEATURE:0cxx_func_identifier
    Feature record: CXX_FEATURE:0cxx_generalized_initializers
    Feature record: CXX_FEATURE:0cxx_generic_lambdas
    Feature record: CXX_FEATURE:0cxx_inheriting_constructors
    Feature record: CXX_FEATURE:0cxx_inline_namespaces
    Feature record: CXX_FEATURE:0cxx_lambdas
    Feature record: CXX_FEATURE:0cxx_lambda_init_captures
    Feature record: CXX_FEATURE:0cxx_local_type_template_args
    Feature record: CXX_FEATURE:0cxx_long_long_type
    Feature record: CXX_FEATURE:0cxx_noexcept
    Feature record: CXX_FEATURE:0cxx_nonstatic_member_init
    Feature record: CXX_FEATURE:0cxx_nullptr
    Feature record: CXX_FEATURE:0cxx_override
    Feature record: CXX_FEATURE:0cxx_range_for
    Feature record: CXX_FEATURE:0cxx_raw_string_literals
    Feature record: CXX_FEATURE:0cxx_reference_qualified_functions
    Feature record: CXX_FEATURE:0cxx_relaxed_constexpr
    Feature record: CXX_FEATURE:0cxx_return_type_deduction
    Feature record: CXX_FEATURE:0cxx_right_angle_brackets
    Feature record: CXX_FEATURE:0cxx_rvalue_references
    Feature record: CXX_FEATURE:0cxx_sizeof_member
    Feature record: CXX_FEATURE:0cxx_static_assert
    Feature record: CXX_FEATURE:0cxx_strong_enums
    Feature record: CXX_FEATURE:1cxx_template_template_parameters
    Feature record: CXX_FEATURE:0cxx_thread_local
    Feature record: CXX_FEATURE:0cxx_trailing_return_types
    Feature record: CXX_FEATURE:0cxx_unicode_literals
    Feature record: CXX_FEATURE:0cxx_uniform_initialization
    Feature record: CXX_FEATURE:0cxx_unrestricted_unions
    Feature record: CXX_FEATURE:0cxx_user_literals
    Feature record: CXX_FEATURE:0cxx_variable_templates
    Feature record: CXX_FEATURE:0cxx_variadic_macros
    Feature record: CXX_FEATURE:0cxx_variadic_templates
